{"C:\\Users\\User\\WebstormProjects\\retoRimac\\src\\almacenar.ts": {"path":"C:\\Users\\User\\WebstormProjects\\retoRimac\\src\\almacenar.ts","statementMap":{"0":{"start":{"line":2,"column":0},"end":{"line":2,"column":26}},"1":{"start":{"line":3,"column":0},"end":{"line":3,"column":36}},"2":{"start":{"line":5,"column":19},"end":{"line":5,"column":36}},"3":{"start":{"line":6,"column":15},"end":{"line":6,"column":48}},"4":{"start":{"line":8,"column":45},"end":{"line":41,"column":1}},"5":{"start":{"line":9,"column":4},"end":{"line":40,"column":5}},"6":{"start":{"line":10,"column":8},"end":{"line":15,"column":9}},"7":{"start":{"line":11,"column":12},"end":{"line":14,"column":14}},"8":{"start":{"line":17,"column":24},"end":{"line":17,"column":46}},"9":{"start":{"line":19,"column":21},"end":{"line":23,"column":10}},"10":{"start":{"line":25,"column":8},"end":{"line":28,"column":21}},"11":{"start":{"line":30,"column":8},"end":{"line":33,"column":10}},"12":{"start":{"line":35,"column":8},"end":{"line":35,"column":58}},"13":{"start":{"line":36,"column":8},"end":{"line":39,"column":10}},"14":{"start":{"line":8,"column":13},"end":{"line":8,"column":45}}},"fnMap":{"0":{"name":"(anonymous_1)","decl":{"start":{"line":8,"column":45},"end":{"line":8,"column":50}},"loc":{"start":{"line":8,"column":61},"end":{"line":41,"column":1}}}},"branchMap":{"0":{"loc":{"start":{"line":10,"column":8},"end":{"line":15,"column":9}},"type":"if","locations":[{"start":{"line":10,"column":8},"end":{"line":15,"column":9}},{"start":{},"end":{}}]}},"s":{"0":1,"1":1,"2":1,"3":1,"4":1,"5":3,"6":3,"7":1,"8":2,"9":2,"10":2,"11":1,"12":1,"13":1,"14":1},"f":{"0":3},"b":{"0":[1,2]}}
,"C:\\Users\\User\\WebstormProjects\\retoRimac\\src\\fusionados.ts": {"path":"C:\\Users\\User\\WebstormProjects\\retoRimac\\src\\fusionados.ts","statementMap":{"0":{"start":{"line":107,"column":0},"end":{"line":107,"column":16}},"1":{"start":{"line":2,"column":0},"end":{"line":2,"column":26}},"2":{"start":{"line":3,"column":0},"end":{"line":3,"column":26}},"3":{"start":{"line":4,"column":0},"end":{"line":4,"column":36}},"4":{"start":{"line":5,"column":0},"end":{"line":5,"column":28}},"5":{"start":{"line":7,"column":17},"end":{"line":7,"column":50}},"6":{"start":{"line":8,"column":19},"end":{"line":8,"column":37}},"7":{"start":{"line":9,"column":27},"end":{"line":9,"column":44}},"8":{"start":{"line":10,"column":14},"end":{"line":11,"column":null}},"9":{"start":{"line":32,"column":21},"end":{"line":104,"column":1}},"10":{"start":{"line":33,"column":4},"end":{"line":103,"column":5}},"11":{"start":{"line":35,"column":21},"end":{"line":35,"column":39}},"12":{"start":{"line":36,"column":8},"end":{"line":36,"column":45}},"13":{"start":{"line":37,"column":28},"end":{"line":37,"column":57}},"14":{"start":{"line":38,"column":30},"end":{"line":38,"column":61}},"15":{"start":{"line":43,"column":8},"end":{"line":61,"column":9}},"16":{"start":{"line":44,"column":12},"end":{"line":44,"column":48}},"17":{"start":{"line":45,"column":12},"end":{"line":45,"column":49}},"18":{"start":{"line":47,"column":12},"end":{"line":47,"column":58}},"19":{"start":{"line":49,"column":43},"end":{"line":52,"column":14}},"20":{"start":{"line":54,"column":12},"end":{"line":54,"column":null}},"21":{"start":{"line":54,"column":62},"end":{"line":54,"column":68}},"22":{"start":{"line":55,"column":12},"end":{"line":55,"column":47}},"23":{"start":{"line":58,"column":12},"end":{"line":58,"column":81}},"24":{"start":{"line":59,"column":12},"end":{"line":59,"column":82}},"25":{"start":{"line":60,"column":12},"end":{"line":60,"column":52}},"26":{"start":{"line":63,"column":43},"end":{"line":63,"column":74}},"27":{"start":{"line":66,"column":49},"end":{"line":82,"column":11}},"28":{"start":{"line":67,"column":41},"end":{"line":67,"column":71}},"29":{"start":{"line":69,"column":49},"end":{"line":73,"column":14}},"30":{"start":{"line":76,"column":12},"end":{"line":79,"column":25}},"31":{"start":{"line":81,"column":12},"end":{"line":81,"column":24}},"32":{"start":{"line":85,"column":19},"end":{"line":85,"column":27}},"33":{"start":{"line":86,"column":8},"end":{"line":91,"column":null}},"34":{"start":{"line":93,"column":8},"end":{"line":96,"column":10}},"35":{"start":{"line":98,"column":8},"end":{"line":98,"column":48}},"36":{"start":{"line":99,"column":8},"end":{"line":102,"column":10}},"37":{"start":{"line":32,"column":13},"end":{"line":32,"column":21}},"38":{"start":{"line":108,"column":4},"end":{"line":108,"column":73}},"39":{"start":{"line":108,"column":33},"end":{"line":108,"column":52}}},"fnMap":{"0":{"name":"(anonymous_1)","decl":{"start":{"line":32,"column":21},"end":{"line":32,"column":26}},"loc":{"start":{"line":32,"column":79},"end":{"line":104,"column":1}}},"1":{"name":"(anonymous_2)","decl":{"start":{"line":54,"column":42},"end":{"line":54,"column":43}},"loc":{"start":{"line":54,"column":62},"end":{"line":54,"column":68}}},"2":{"name":"(anonymous_3)","decl":{"start":{"line":66,"column":84},"end":{"line":66,"column":89}},"loc":{"start":{"line":66,"column":101},"end":{"line":82,"column":9}}},"3":{"name":"getRandomElements","decl":{"start":{"line":107,"column":16},"end":{"line":107,"column":33}},"loc":{"start":{"line":107,"column":65},"end":{"line":109,"column":1}}},"4":{"name":"(anonymous_5)","decl":{"start":{"line":108,"column":27},"end":{"line":108,"column":30}},"loc":{"start":{"line":108,"column":33},"end":{"line":108,"column":52}}}},"branchMap":{"0":{"loc":{"start":{"line":43,"column":8},"end":{"line":61,"column":9}},"type":"if","locations":[{"start":{"line":43,"column":8},"end":{"line":61,"column":9}},{"start":{"line":48,"column":15},"end":{"line":61,"column":9}}]},"1":{"loc":{"start":{"line":43,"column":12},"end":{"line":43,"column":40}},"type":"binary-expr","locations":[{"start":{"line":43,"column":12},"end":{"line":43,"column":23}},{"start":{"line":43,"column":27},"end":{"line":43,"column":40}}]}},"s":{"0":1,"1":1,"2":1,"3":1,"4":1,"5":1,"6":1,"7":1,"8":1,"9":1,"10":1,"11":1,"12":1,"13":1,"14":1,"15":1,"16":0,"17":0,"18":0,"19":1,"20":1,"21":2,"22":1,"23":1,"24":1,"25":1,"26":1,"27":1,"28":2,"29":2,"30":2,"31":2,"32":1,"33":1,"34":1,"35":0,"36":0,"37":1,"38":3,"39":1},"f":{"0":1,"1":2,"2":2,"3":3,"4":1},"b":{"0":[0,1],"1":[1,0]}}
,"C:\\Users\\User\\WebstormProjects\\retoRimac\\src\\historial.ts": {"path":"C:\\Users\\User\\WebstormProjects\\retoRimac\\src\\historial.ts","statementMap":{"0":{"start":{"line":2,"column":0},"end":{"line":2,"column":26}},"1":{"start":{"line":4,"column":27},"end":{"line":4,"column":44}},"2":{"start":{"line":5,"column":15},"end":{"line":5,"column":48}},"3":{"start":{"line":7,"column":47},"end":{"line":53,"column":1}},"4":{"start":{"line":8,"column":18},"end":{"line":8,"column":66}},"5":{"start":{"line":9,"column":21},"end":{"line":11,"column":19}},"6":{"start":{"line":12,"column":18},"end":{"line":12,"column":61}},"7":{"start":{"line":14,"column":4},"end":{"line":52,"column":5}},"8":{"start":{"line":15,"column":62},"end":{"line":19,"column":10}},"9":{"start":{"line":21,"column":23},"end":{"line":21,"column":58}},"10":{"start":{"line":23,"column":24},"end":{"line":23,"column":89}},"11":{"start":{"line":23,"column":39},"end":{"line":23,"column":89}},"12":{"start":{"line":26,"column":28},"end":{"line":33,"column":10}},"13":{"start":{"line":27,"column":26},"end":{"line":27,"column":36}},"14":{"start":{"line":28,"column":26},"end":{"line":28,"column":36}},"15":{"start":{"line":30,"column":12},"end":{"line":30,"column":55}},"16":{"start":{"line":30,"column":46},"end":{"line":30,"column":55}},"17":{"start":{"line":32,"column":12},"end":{"line":32,"column":68}},"18":{"start":{"line":35,"column":8},"end":{"line":35,"column":null}},"19":{"start":{"line":37,"column":8},"end":{"line":45,"column":10}},"20":{"start":{"line":47,"column":8},"end":{"line":47,"column":53}},"21":{"start":{"line":48,"column":8},"end":{"line":51,"column":10}},"22":{"start":{"line":7,"column":13},"end":{"line":7,"column":47}}},"fnMap":{"0":{"name":"(anonymous_1)","decl":{"start":{"line":7,"column":47},"end":{"line":7,"column":52}},"loc":{"start":{"line":7,"column":96},"end":{"line":53,"column":1}}},"1":{"name":"(anonymous_2)","decl":{"start":{"line":23,"column":24},"end":{"line":23,"column":25}},"loc":{"start":{"line":23,"column":39},"end":{"line":23,"column":89}}},"2":{"name":"(anonymous_3)","decl":{"start":{"line":26,"column":54},"end":{"line":26,"column":55}},"loc":{"start":{"line":26,"column":63},"end":{"line":33,"column":9}}}},"branchMap":{"0":{"loc":{"start":{"line":8,"column":25},"end":{"line":8,"column":65}},"type":"binary-expr","locations":[{"start":{"line":8,"column":25},"end":{"line":8,"column":59}},{"start":{"line":8,"column":63},"end":{"line":8,"column":65}}]},"1":{"loc":{"start":{"line":9,"column":21},"end":{"line":11,"column":19}},"type":"cond-expr","locations":[{"start":{"line":10,"column":10},"end":{"line":10,"column":77}},{"start":{"line":11,"column":10},"end":{"line":11,"column":19}}]},"2":{"loc":{"start":{"line":12,"column":18},"end":{"line":12,"column":61}},"type":"binary-expr","locations":[{"start":{"line":12,"column":18},"end":{"line":12,"column":52}},{"start":{"line":12,"column":56},"end":{"line":12,"column":61}}]},"3":{"loc":{"start":{"line":23,"column":50},"end":{"line":23,"column":88}},"type":"binary-expr","locations":[{"start":{"line":23,"column":50},"end":{"line":23,"column":64}},{"start":{"line":23,"column":68},"end":{"line":23,"column":82}},{"start":{"line":23,"column":86},"end":{"line":23,"column":88}}]},"4":{"loc":{"start":{"line":26,"column":29},"end":{"line":26,"column":47}},"type":"binary-expr","locations":[{"start":{"line":26,"column":29},"end":{"line":26,"column":41}},{"start":{"line":26,"column":45},"end":{"line":26,"column":47}}]},"5":{"loc":{"start":{"line":30,"column":12},"end":{"line":30,"column":55}},"type":"if","locations":[{"start":{"line":30,"column":12},"end":{"line":30,"column":55}},{"start":{},"end":{}}]},"6":{"loc":{"start":{"line":30,"column":16},"end":{"line":30,"column":44}},"type":"binary-expr","locations":[{"start":{"line":30,"column":16},"end":{"line":30,"column":28}},{"start":{"line":30,"column":32},"end":{"line":30,"column":44}}]},"7":{"loc":{"start":{"line":32,"column":19},"end":{"line":32,"column":67}},"type":"cond-expr","locations":[{"start":{"line":32,"column":38},"end":{"line":32,"column":51}},{"start":{"line":32,"column":54},"end":{"line":32,"column":67}}]},"8":{"loc":{"start":{"line":41,"column":25},"end":{"line":43,"column":26}},"type":"cond-expr","locations":[{"start":{"line":42,"column":22},"end":{"line":42,"column":81}},{"start":{"line":43,"column":22},"end":{"line":43,"column":26}}]}},"s":{"0":1,"1":1,"2":1,"3":1,"4":2,"5":2,"6":2,"7":2,"8":2,"9":2,"10":1,"11":2,"12":1,"13":1,"14":1,"15":1,"16":0,"17":1,"18":1,"19":1,"20":1,"21":1,"22":1},"f":{"0":2,"1":2,"2":1},"b":{"0":[2,1],"1":[0,2],"2":[2,1],"3":[2,0,0],"4":[1,0],"5":[0,1],"6":[1,1],"7":[0,1],"8":[1,0]}}
}
