TN:
SF:src\almacenar.ts
FN:8,(anonymous_1)
FNF:1
FNH:1
FNDA:3,(anonymous_1)
DA:2,1
DA:3,1
DA:5,1
DA:6,1
DA:8,1
DA:9,3
DA:10,3
DA:11,1
DA:17,2
DA:19,2
DA:25,2
DA:30,1
DA:35,1
DA:36,1
LF:14
LH:14
BRDA:10,0,0,1
BRDA:10,0,1,2
BRF:2
BRH:2
end_of_record
TN:
SF:src\fusionados.ts
FN:32,(anonymous_1)
FN:54,(anonymous_2)
FN:66,(anonymous_3)
FN:107,getRandomElements
FN:108,(anonymous_5)
FNF:5
FNH:5
FNDA:1,(anonymous_1)
FNDA:2,(anonymous_2)
FNDA:2,(anonymous_3)
FNDA:3,getRandomElements
FNDA:1,(anonymous_5)
DA:2,1
DA:3,1
DA:4,1
DA:5,1
DA:7,1
DA:8,1
DA:9,1
DA:10,1
DA:32,1
DA:33,1
DA:35,1
DA:36,1
DA:37,1
DA:38,1
DA:43,1
DA:44,0
DA:45,0
DA:47,0
DA:49,1
DA:54,2
DA:55,1
DA:58,1
DA:59,1
DA:60,1
DA:63,1
DA:66,1
DA:67,2
DA:69,2
DA:76,2
DA:81,2
DA:85,1
DA:86,1
DA:93,1
DA:98,0
DA:99,0
DA:107,1
DA:108,3
LF:37
LH:32
BRDA:43,0,0,0
BRDA:43,0,1,1
BRDA:43,1,0,1
BRDA:43,1,1,0
BRF:4
BRH:2
end_of_record
TN:
SF:src\historial.ts
FN:7,(anonymous_1)
FN:23,(anonymous_2)
FN:26,(anonymous_3)
FNF:3
FNH:3
FNDA:2,(anonymous_1)
FNDA:2,(anonymous_2)
FNDA:1,(anonymous_3)
DA:2,1
DA:4,1
DA:5,1
DA:7,1
DA:8,2
DA:9,2
DA:12,2
DA:14,2
DA:15,2
DA:21,2
DA:23,2
DA:26,1
DA:27,1
DA:28,1
DA:30,1
DA:32,1
DA:35,1
DA:37,1
DA:47,1
DA:48,1
LF:20
LH:20
BRDA:8,0,0,2
BRDA:8,0,1,1
BRDA:9,1,0,0
BRDA:9,1,1,2
BRDA:12,2,0,2
BRDA:12,2,1,1
BRDA:23,3,0,2
BRDA:23,3,1,0
BRDA:23,3,2,0
BRDA:26,4,0,1
BRDA:26,4,1,0
BRDA:30,5,0,0
BRDA:30,5,1,1
BRDA:30,6,0,1
BRDA:30,6,1,1
BRDA:32,7,0,0
BRDA:32,7,1,1
BRDA:41,8,0,1
BRDA:41,8,1,0
BRF:19
BRH:12
end_of_record
